[2016-06-09 21:26:43.220] [DEBUG] fennelapp - Login process started for user: fennel
[2016-06-09 21:26:43.220] [DEBUG] fennelapp - Authenticating user with htaccess method.
[2016-06-09 21:26:43.223] [INFO] fennelapp - User logged in: fennel
[2016-06-09 21:26:43.223] [DEBUG] fennelapp - calendar.makeCalendar called
CAL.findOrCreate with {
  "where": {
    "pkey": "9F4B0C92-C3EE-48F9-A957-6A4225936DD7"
  },
  "defaults": {
    "owner": "fennel",
    "timezone": "BEGIN:VCALENDAR\r\nVERSION:2.0\r\nPRODID:-//Apple Inc.//Mac OS X 10.11.5//EN\r\nCALSCALE:GREGORIAN\r\nBEGIN:VTIMEZONE\r\nTZID:America/Montreal\r\nBEGIN:DAYLIGHT\r\nTZOFFSETFROM:-0500\r\nRRULE:FREQ=YEARLY;BYMONTH=3;BYDAY=2SU\r\nDTSTART:20070311T020000\r\nTZNAME:GMT-4\r\nTZOFFSETTO:-0400\r\nEND:DAYLIGHT\r\nBEGIN:STANDARD\r\nTZOFFSETFROM:-0400\r\nRRULE:FREQ=YEARLY;BYMONTH=11;BYDAY=1SU\r\nDTSTART:20071104T020000\r\nTZNAME:GMT-5\r\nTZOFFSETTO:-0500\r\nEND:STANDARD\r\nEND:VTIMEZONE\r\nEND:VCALENDAR\r\n",
    "order": "236",
    "free_busy_set": "YES",
    "supported_cal_component": "VEVENT",
    "colour": "#0E61B9FF",
    "displayname": "Untitled"
  }
}
[2016-06-09 21:26:43.232] [INFO] fennelapp - Executing (20f59e94-5c6a-41f6-9837-1812c6cbbee5): START TRANSACTION;
[2016-06-09 21:26:43.233] [INFO] fennelapp - Executing (20f59e94-5c6a-41f6-9837-1812c6cbbee5): SET SESSION TRANSACTION ISOLATION LEVEL REPEATABLE READ;
[2016-06-09 21:26:43.237] [INFO] fennelapp - Executing (20f59e94-5c6a-41f6-9837-1812c6cbbee5): SELECT "pkey", "owner", "timezone", "order", "free_busy_set", "supported_cal_component", "colour", "displayname", "synctoken", "createdAt", "updatedAt" FROM "CALs" AS "CAL" WHERE "CAL"."pkey" = '9F4B0C92-C3EE-48F9-A957-6A4225936DD7';
[2016-06-09 21:26:43.240] [INFO] fennelapp - Executing (20f59e94-5c6a-41f6-9837-1812c6cbbee5): COMMIT;
[2016-06-09 21:26:43.240] [DEBUG] fennelapp - Loaded CAL: {
    "pkey": "9F4B0C92-C3EE-48F9-A957-6A4225936DD7",
    "owner": "fennel",
    "timezone": "BEGIN:VCALENDAR\r\nVERSION:2.0\r\nPRODID:-//Apple Inc.//Mac OS X 10.11.5//EN\r\nCALSCALE:GREGORIAN\r\nBEGIN:VTIMEZONE\r\nTZID:America/Montreal\r\nBEGIN:DAYLIGHT\r\nTZOFFSETFROM:-0500\r\nRRULE:FREQ=YEARLY;BYMONTH=3;BYDAY=2SU\r\nDTSTART:20070311T020000\r\nTZNAME:GMT-4\r\nTZOFFSETTO:-0400\r\nEND:DAYLIGHT\r\nBEGIN:STANDARD\r\nTZOFFSETFROM:-0400\r\nRRULE:FREQ=YEARLY;BYMONTH=11;BYDAY=1SU\r\nDTSTART:20071104T020000\r\nTZNAME:GMT-5\r\nTZOFFSETTO:-0500\r\nEND:STANDARD\r\nEND:VTIMEZONE\r\nEND:VCALENDAR\r\n",
    "order": "236",
    "free_busy_set": "YES",
    "supported_cal_component": "VEVENT",
    "colour": "#0E61B9FF",
    "displayname": "Untitled",
    "synctoken": 0,
    "createdAt": "2016-06-10T01:23:55.077Z",
    "updatedAt": "2016-06-10T01:23:55.077Z"
}
[2016-06-09 21:26:43.241] [WARN] fennelapp - cal saved
info: HTTP MKCALENDAR /cal/fennel/9F4B0C92-C3EE-48F9-A957-6A4225936DD7/ -> 201 in 18ms statusCode=201, body=Created, url=/cal/fennel/9F4B0C92-C3EE-48F9-A957-6A4225936DD7/, host=127.0.0.1:8888, content-type=text/xml, authorization=Basic ZmVubmVsOmZlbm5lbA==, connection=keep-alive, accept=*/*, user-agent=Mac+OS+X/10.11.5 (15F34) CalendarAgent/361.2, content-length=1209, accept-language=en-us, accept-encoding=gzip, deflate, method=MKCALENDAR, httpVersion=1.1, originalUrl=/cal/fennel/9F4B0C92-C3EE-48F9-A957-6A4225936DD7/, , body=<?xml version="1.0" encoding="UTF-8"?>
<B:mkcalendar xmlns:B="urn:ietf:params:xml:ns:caldav">
  <A:set xmlns:A="DAV:">
    <A:prop>
      <A:displayname>Untitled</A:displayname>
      <B:calendar-free-busy-set>
        <YES/>
      </B:calendar-free-busy-set>
      <D:calendar-color xmlns:D="http://apple.com/ns/ical/" symbolic-color="blue">#0E61B9FF</D:calendar-color>
      <D:calendar-order xmlns:D="http://apple.com/ns/ical/">236</D:calendar-order>
      <B:calendar-timezone>BEGIN:VCALENDAR&#13;
VERSION:2.0&#13;
PRODID:-//Apple Inc.//Mac OS X 10.11.5//EN&#13;
CALSCALE:GREGORIAN&#13;
BEGIN:VTIMEZONE&#13;
TZID:America/Montreal&#13;
BEGIN:DAYLIGHT&#13;
TZOFFSETFROM:-0500&#13;
RRULE:FREQ=YEARLY;BYMONTH=3;BYDAY=2SU&#13;
DTSTART:20070311T020000&#13;
TZNAME:GMT-4&#13;
TZOFFSETTO:-0400&#13;
END:DAYLIGHT&#13;
BEGIN:STANDARD&#13;
TZOFFSETFROM:-0400&#13;
RRULE:FREQ=YEARLY;BYMONTH=11;BYDAY=1SU&#13;
DTSTART:20071104T020000&#13;
TZNAME:GMT-5&#13;
TZOFFSETTO:-0500&#13;
END:STANDARD&#13;
END:VTIMEZONE&#13;
END:VCALENDAR&#13;
</B:calendar-timezone>
      <B:supported-calendar-component-set>
        <B:comp name="VEVENT"/>
      </B:supported-calendar-component-set>
    </A:prop>
  </A:set>
</B:mkcalendar>
, responseTime=18
[2016-06-09 21:26:43.244] [DEBUG] fennelapp - Login process started for user: fennel
[2016-06-09 21:26:43.246] [DEBUG] fennelapp - Authenticating user with htaccess method.
[2016-06-09 21:26:43.248] [INFO] fennelapp - User logged in: fennel
[2016-06-09 21:26:43.249] [DEBUG] fennelapp - calendar.makeCalendar called
CAL.findOrCreate with {
  "where": {
    "pkey": "9F4B0C92-C3EE-48F9-A957-6A4225936DD7"
  },
  "defaults": {
    "owner": "fennel",
    "timezone": "BEGIN:VCALENDAR\r\nVERSION:2.0\r\nPRODID:-//Apple Inc.//Mac OS X 10.11.5//EN\r\nCALSCALE:GREGORIAN\r\nBEGIN:VTIMEZONE\r\nTZID:America/Montreal\r\nBEGIN:DAYLIGHT\r\nTZOFFSETFROM:-0500\r\nRRULE:FREQ=YEARLY;BYMONTH=3;BYDAY=2SU\r\nDTSTART:20070311T020000\r\nTZNAME:GMT-4\r\nTZOFFSETTO:-0400\r\nEND:DAYLIGHT\r\nBEGIN:STANDARD\r\nTZOFFSETFROM:-0400\r\nRRULE:FREQ=YEARLY;BYMONTH=11;BYDAY=1SU\r\nDTSTART:20071104T020000\r\nTZNAME:GMT-5\r\nTZOFFSETTO:-0500\r\nEND:STANDARD\r\nEND:VTIMEZONE\r\nEND:VCALENDAR\r\n",
    "order": "236",
    "free_busy_set": "YES",
    "supported_cal_component": "VEVENT",
    "colour": "#0E61B9FF",
    "displayname": "Untitled"
  }
}
[2016-06-09 21:26:43.250] [INFO] fennelapp - Executing (64ac45f5-376b-4eb9-a8fa-62fe989b8233): START TRANSACTION;
[2016-06-09 21:26:43.250] [INFO] fennelapp - Executing (64ac45f5-376b-4eb9-a8fa-62fe989b8233): SET SESSION TRANSACTION ISOLATION LEVEL REPEATABLE READ;
[2016-06-09 21:26:43.253] [INFO] fennelapp - Executing (64ac45f5-376b-4eb9-a8fa-62fe989b8233): SELECT "pkey", "owner", "timezone", "order", "free_busy_set", "supported_cal_component", "colour", "displayname", "synctoken", "createdAt", "updatedAt" FROM "CALs" AS "CAL" WHERE "CAL"."pkey" = '9F4B0C92-C3EE-48F9-A957-6A4225936DD7';
[2016-06-09 21:26:43.254] [INFO] fennelapp - Executing (64ac45f5-376b-4eb9-a8fa-62fe989b8233): COMMIT;
[2016-06-09 21:26:43.254] [DEBUG] fennelapp - Loaded CAL: {
    "pkey": "9F4B0C92-C3EE-48F9-A957-6A4225936DD7",
    "owner": "fennel",
    "timezone": "BEGIN:VCALENDAR\r\nVERSION:2.0\r\nPRODID:-//Apple Inc.//Mac OS X 10.11.5//EN\r\nCALSCALE:GREGORIAN\r\nBEGIN:VTIMEZONE\r\nTZID:America/Montreal\r\nBEGIN:DAYLIGHT\r\nTZOFFSETFROM:-0500\r\nRRULE:FREQ=YEARLY;BYMONTH=3;BYDAY=2SU\r\nDTSTART:20070311T020000\r\nTZNAME:GMT-4\r\nTZOFFSETTO:-0400\r\nEND:DAYLIGHT\r\nBEGIN:STANDARD\r\nTZOFFSETFROM:-0400\r\nRRULE:FREQ=YEARLY;BYMONTH=11;BYDAY=1SU\r\nDTSTART:20071104T020000\r\nTZNAME:GMT-5\r\nTZOFFSETTO:-0500\r\nEND:STANDARD\r\nEND:VTIMEZONE\r\nEND:VCALENDAR\r\n",
    "order": "236",
    "free_busy_set": "YES",
    "supported_cal_component": "VEVENT",
    "colour": "#0E61B9FF",
    "displayname": "Untitled",
    "synctoken": 0,
    "createdAt": "2016-06-10T01:23:55.077Z",
    "updatedAt": "2016-06-10T01:23:55.077Z"
}
[2016-06-09 21:26:43.260] [WARN] fennelapp - cal saved
info: HTTP MKCALENDAR /cal/fennel/9F4B0C92-C3EE-48F9-A957-6A4225936DD7/ -> 201 in 12ms statusCode=201, body=Created, url=/cal/fennel/9F4B0C92-C3EE-48F9-A957-6A4225936DD7/, host=127.0.0.1:8888, content-type=text/xml, authorization=Basic ZmVubmVsOmZlbm5lbA==, connection=keep-alive, accept=*/*, user-agent=Mac+OS+X/10.11.5 (15F34) CalendarAgent/361.2, content-length=1209, accept-language=en-us, accept-encoding=gzip, deflate, method=MKCALENDAR, httpVersion=1.1, originalUrl=/cal/fennel/9F4B0C92-C3EE-48F9-A957-6A4225936DD7/, , body=<?xml version="1.0" encoding="UTF-8"?>
<B:mkcalendar xmlns:B="urn:ietf:params:xml:ns:caldav">
  <A:set xmlns:A="DAV:">
    <A:prop>
      <A:displayname>Untitled</A:displayname>
      <B:calendar-free-busy-set>
        <YES/>
      </B:calendar-free-busy-set>
      <D:calendar-color xmlns:D="http://apple.com/ns/ical/" symbolic-color="blue">#0E61B9FF</D:calendar-color>
      <D:calendar-order xmlns:D="http://apple.com/ns/ical/">236</D:calendar-order>
      <B:calendar-timezone>BEGIN:VCALENDAR&#13;
VERSION:2.0&#13;
PRODID:-//Apple Inc.//Mac OS X 10.11.5//EN&#13;
CALSCALE:GREGORIAN&#13;
BEGIN:VTIMEZONE&#13;
TZID:America/Montreal&#13;
BEGIN:DAYLIGHT&#13;
TZOFFSETFROM:-0500&#13;
RRULE:FREQ=YEARLY;BYMONTH=3;BYDAY=2SU&#13;
DTSTART:20070311T020000&#13;
TZNAME:GMT-4&#13;
TZOFFSETTO:-0400&#13;
END:DAYLIGHT&#13;
BEGIN:STANDARD&#13;
TZOFFSETFROM:-0400&#13;
RRULE:FREQ=YEARLY;BYMONTH=11;BYDAY=1SU&#13;
DTSTART:20071104T020000&#13;
TZNAME:GMT-5&#13;
TZOFFSETTO:-0500&#13;
END:STANDARD&#13;
END:VTIMEZONE&#13;
END:VCALENDAR&#13;
</B:calendar-timezone>
      <B:supported-calendar-component-set>
        <B:comp name="VEVENT"/>
      </B:supported-calendar-component-set>
    </A:prop>
  </A:set>
</B:mkcalendar>
, responseTime=12



















