[2016-06-07 23:29:44.841] [DEBUG] fennelapp - Login process started for user: fennel
[2016-06-07 23:29:44.841] [DEBUG] fennelapp - Authenticating user with htaccess method.
[2016-06-07 23:29:44.844] [INFO] fennelapp - User logged in: fennel
[2016-06-07 23:29:44.845] [DEBUG] fennelapp - Called the root. Redirecting to /p/
info: HTTP PROPFIND / -> 302 in 0ms statusCode=302, url=/, host=127.0.0.1:8888, accept=*/*, brief=t, authorization=Basic ZmVubmVsOmZlbm5lbA==, accept-language=en-us, accept-encoding=gzip, deflate, content-type=text/xml, content-length=127, depth=0, connection=keep-alive, user-agent=Mac+OS+X/10.11.5 (15F34) CalendarAgent/361.2, prefer=return=minimal, method=PROPFIND, httpVersion=1.1, originalUrl=/, , body=<?xml version="1.0" encoding="UTF-8"?>
<A:propfind xmlns:A="DAV:">
  <A:prop>
    <A:principal-URL/>
  </A:prop>
</A:propfind>
, responseTime=0
[2016-06-07 23:29:44.846] [DEBUG] fennelapp - Login process started for user: fennel
[2016-06-07 23:29:44.847] [DEBUG] fennelapp - Authenticating user with htaccess method.
[2016-06-07 23:29:44.849] [INFO] fennelapp - User logged in: fennel
[2016-06-07 23:29:44.850] [DEBUG] fennelapp - principal.propfind called
Returning response: <?xml version="1.0" encoding="UTF-8"?>
<d:multistatus xmlns:d="DAV:" xmlns:cal="urn:ietf:params:xml:ns:caldav" xmlns:cs="http://calendarserver.org/ns/" xmlns:card="urn:ietf:params:xml:ns:carddav">
  <d:response>
    <d:propstat>
      <d:prop><d:principal-URL><d:href>/p/fennel/</d:href></d:principal-URL>
</d:prop>
      <d:status>HTTP/1.1 200 OK</d:status>
    </d:propstat>
  </d:response>
</d:multistatus>

info: HTTP PROPFIND /p/ -> 207 in 1ms statusCode=207, url=/p/, host=127.0.0.1:8888, accept=*/*, brief=t, authorization=Basic ZmVubmVsOmZlbm5lbA==, accept-language=en-us, accept-encoding=gzip, deflate, content-type=text/xml, content-length=127, depth=0, connection=keep-alive, user-agent=Mac+OS+X/10.11.5 (15F34) CalendarAgent/361.2, prefer=return=minimal, method=PROPFIND, httpVersion=1.1, originalUrl=/p/, , body=<?xml version="1.0" encoding="UTF-8"?>
<A:propfind xmlns:A="DAV:">
  <A:prop>
    <A:principal-URL/>
  </A:prop>
</A:propfind>
, responseTime=1
[2016-06-07 23:29:45.017] [DEBUG] fennelapp - Login process started for user: fennel
[2016-06-07 23:29:45.017] [DEBUG] fennelapp - Authenticating user with htaccess method.
[2016-06-07 23:29:45.020] [INFO] fennelapp - User logged in: fennel
[2016-06-07 23:29:45.021] [DEBUG] fennelapp - Called the root. Redirecting to /p/
info: HTTP PROPFIND / -> 302 in 0ms statusCode=302, url=/, host=127.0.0.1:8888, accept=*/*, brief=t, authorization=Basic ZmVubmVsOmZlbm5lbA==, accept-language=en-us, accept-encoding=gzip, deflate, content-type=text/xml, content-length=743, depth=0, connection=keep-alive, user-agent=Mac+OS+X/10.11.5 (15F34) CalendarAgent/361.2, prefer=return=minimal, method=PROPFIND, httpVersion=1.1, originalUrl=/, , body=<?xml version="1.0" encoding="UTF-8"?>
<A:propfind xmlns:A="DAV:">
  <A:prop>
    <B:calendar-home-set xmlns:B="urn:ietf:params:xml:ns:caldav"/>
    <B:calendar-user-address-set xmlns:B="urn:ietf:params:xml:ns:caldav"/>
    <A:current-user-principal/>
    <A:displayname/>
    <C:dropbox-home-URL xmlns:C="http://calendarserver.org/ns/"/>
    <C:email-address-set xmlns:C="http://calendarserver.org/ns/"/>
    <C:notification-URL xmlns:C="http://calendarserver.org/ns/"/>
    <A:principal-collection-set/>
    <A:principal-URL/>
    <A:resource-id/>
    <B:schedule-inbox-URL xmlns:B="urn:ietf:params:xml:ns:caldav"/>
    <B:schedule-outbox-URL xmlns:B="urn:ietf:params:xml:ns:caldav"/>
    <A:supported-report-set/>
  </A:prop>
</A:propfind>
, responseTime=0
[2016-06-07 23:29:45.023] [DEBUG] fennelapp - Login process started for user: fennel
[2016-06-07 23:29:45.023] [DEBUG] fennelapp - Authenticating user with htaccess method.
[2016-06-07 23:29:45.027] [INFO] fennelapp - User logged in: fennel
[2016-06-07 23:29:45.028] [DEBUG] fennelapp - principal.propfind called
[2016-06-07 23:29:45.028] [WARN] fennelapp - P-PF: not handled: dropbox-home-URL
[2016-06-07 23:29:45.028] [WARN] fennelapp - P-PF: not handled: schedule-inbox-URL
Returning response: <?xml version="1.0" encoding="UTF-8"?>
<d:multistatus xmlns:d="DAV:" xmlns:cal="urn:ietf:params:xml:ns:caldav" xmlns:cs="http://calendarserver.org/ns/" xmlns:card="urn:ietf:params:xml:ns:carddav">
  <d:response>
    <d:propstat>
      <d:prop><cal:calendar-home-set><d:href>/cal/fennel</d:href></cal:calendar-home-set>        <cal:calendar-user-address-set>
        	<d:href>mailto:lord test at swordlord.com</d:href>
        	<d:href>/p/fennel/</d:href>
        </cal:calendar-user-address-set>
<d:current-user-principal><d:href>/p/fennel/</d:href></d:current-user-principal><d:displayname>fennel</d:displayname><cs:notification-URL><d:href>/cal/fennel/notifications/</d:href></cs:notification-URL><d:principal-collection-set><d:href>/p/</d:href></d:principal-collection-set><d:principal-URL><d:href>/p/fennel/</d:href></d:principal-URL>
<cal:schedule-outbox-URL><d:href>/cal/fennel/outbox</d:href></cal:schedule-outbox-URL>        <d:supported-report-set>
        	<d:supported-report>
        		<d:report>
        			<d:expand-property/>
        		</d:report>
        	</d:supported-report>
        	<d:supported-report>
        		<d:report>
        			<d:principal-property-search/>
        		</d:report>
        	</d:supported-report>
        	<d:supported-report>
        		<d:report>
        			<d:principal-search-property-set/>
        		</d:report>
        	</d:supported-report>
        </d:supported-report-set>
</d:prop>
      <d:status>HTTP/1.1 200 OK</d:status>
    </d:propstat>
  </d:response>
</d:multistatus>

info: HTTP PROPFIND /p/ -> 207 in 1ms statusCode=207, url=/p/, host=127.0.0.1:8888, accept=*/*, brief=t, authorization=Basic ZmVubmVsOmZlbm5lbA==, accept-language=en-us, accept-encoding=gzip, deflate, content-type=text/xml, content-length=743, depth=0, connection=keep-alive, user-agent=Mac+OS+X/10.11.5 (15F34) CalendarAgent/361.2, prefer=return=minimal, method=PROPFIND, httpVersion=1.1, originalUrl=/p/, , body=<?xml version="1.0" encoding="UTF-8"?>
<A:propfind xmlns:A="DAV:">
  <A:prop>
    <B:calendar-home-set xmlns:B="urn:ietf:params:xml:ns:caldav"/>
    <B:calendar-user-address-set xmlns:B="urn:ietf:params:xml:ns:caldav"/>
    <A:current-user-principal/>
    <A:displayname/>
    <C:dropbox-home-URL xmlns:C="http://calendarserver.org/ns/"/>
    <C:email-address-set xmlns:C="http://calendarserver.org/ns/"/>
    <C:notification-URL xmlns:C="http://calendarserver.org/ns/"/>
    <A:principal-collection-set/>
    <A:principal-URL/>
    <A:resource-id/>
    <B:schedule-inbox-URL xmlns:B="urn:ietf:params:xml:ns:caldav"/>
    <B:schedule-outbox-URL xmlns:B="urn:ietf:params:xml:ns:caldav"/>
    <A:supported-report-set/>
  </A:prop>
</A:propfind>
, responseTime=1
[2016-06-07 23:29:45.030] [DEBUG] fennelapp - Login process started for user: fennel
[2016-06-07 23:29:45.030] [DEBUG] fennelapp - Authenticating user with htaccess method.
[2016-06-07 23:29:45.044] [INFO] fennelapp - User logged in: fennel
info: HTTP OPTIONS / -> 200 in 2ms statusCode=200, body=GET,HEAD,PROPFIND, url=/, host=127.0.0.1:8888, content-length=0, connection=keep-alive, accept=*/*, user-agent=Mac+OS+X/10.11.5 (15F34) CalendarAgent/361.2, accept-language=en-us, authorization=Basic ZmVubmVsOmZlbm5lbA==, accept-encoding=gzip, deflate, method=OPTIONS, httpVersion=1.1, originalUrl=/, , , responseTime=2
[2016-06-07 23:29:45.087] [DEBUG] fennelapp - Login process started for user: fennel
[2016-06-07 23:29:45.087] [DEBUG] fennelapp - Authenticating user with htaccess method.
[2016-06-07 23:29:45.090] [INFO] fennelapp - User logged in: fennel
[2016-06-07 23:29:45.091] [DEBUG] fennelapp - Called the root. Redirecting to /p/
info: HTTP PROPFIND / -> 302 in 0ms statusCode=302, url=/, host=127.0.0.1:8888, accept=*/*, brief=t, authorization=Basic ZmVubmVsOmZlbm5lbA==, accept-language=en-us, accept-encoding=gzip, deflate, content-type=text/xml, content-length=170, depth=0, connection=keep-alive, user-agent=Mac+OS+X/10.11.5 (15F34) CalendarAgent/361.2, prefer=return=minimal, method=PROPFIND, httpVersion=1.1, originalUrl=/, , body=<?xml version="1.0" encoding="UTF-8"?>
<A:propfind xmlns:A="DAV:">
  <A:prop>
    <A:current-user-principal/>
    <A:principal-collection-set/>
  </A:prop>
</A:propfind>
, responseTime=0
[2016-06-07 23:29:45.097] [DEBUG] fennelapp - Login process started for user: fennel
[2016-06-07 23:29:45.097] [DEBUG] fennelapp - Authenticating user with htaccess method.
[2016-06-07 23:29:45.099] [INFO] fennelapp - User logged in: fennel
[2016-06-07 23:29:45.100] [DEBUG] fennelapp - principal.propfind called
Returning response: <?xml version="1.0" encoding="UTF-8"?>
<d:multistatus xmlns:d="DAV:" xmlns:cal="urn:ietf:params:xml:ns:caldav" xmlns:cs="http://calendarserver.org/ns/" xmlns:card="urn:ietf:params:xml:ns:carddav">
  <d:response>
    <d:propstat>
      <d:prop>
        <d:current-user-principal>
          <d:href>/p/fennel/</d:href>
        </d:current-user-principal>
        <d:principal-collection-set>
          <d:href>/p/</d:href>
        </d:principal-collection-set>
      </d:prop>
      <d:status>HTTP/1.1 200 OK</d:status>
    </d:propstat>
  </d:response>
</d:multistatus>

info: HTTP PROPFIND /p/ -> 207 in 1ms statusCode=207, url=/p/, host=127.0.0.1:8888, accept=*/*, brief=t, authorization=Basic ZmVubmVsOmZlbm5lbA==, accept-language=en-us, accept-encoding=gzip, deflate, content-type=text/xml, content-length=170, depth=0, connection=keep-alive, user-agent=Mac+OS+X/10.11.5 (15F34) CalendarAgent/361.2, prefer=return=minimal, method=PROPFIND, httpVersion=1.1, originalUrl=/p/, , body=<?xml version="1.0" encoding="UTF-8"?>
<A:propfind xmlns:A="DAV:">
  <A:prop>
    <A:current-user-principal/>
    <A:principal-collection-set/>
  </A:prop>
</A:propfind>
, responseTime=1
[2016-06-07 23:29:45.103] [DEBUG] fennelapp - Login process started for user: fennel
[2016-06-07 23:29:45.103] [DEBUG] fennelapp - Authenticating user with htaccess method.
[2016-06-07 23:29:45.105] [INFO] fennelapp - User logged in: fennel
[2016-06-07 23:29:45.105] [DEBUG] fennelapp - principal.propfind called
Returning response: <?xml version="1.0" encoding="UTF-8"?>
<d:multistatus xmlns:d="DAV:" xmlns:cal="urn:ietf:params:xml:ns:caldav" xmlns:cs="http://calendarserver.org/ns/" xmlns:card="urn:ietf:params:xml:ns:carddav">
  <d:response>
    <d:propstat>
      <d:prop>
        <d:current-user-principal>
          <d:href>/p/fennel/</d:href>
        </d:current-user-principal>
        <d:principal-collection-set>
          <d:href>/p/</d:href>
        </d:principal-collection-set>
      </d:prop>
      <d:status>HTTP/1.1 200 OK</d:status>
    </d:propstat>
  </d:response>
</d:multistatus>

info: HTTP PROPFIND /principals/ -> 207 in 1ms statusCode=207, url=/principals/, host=127.0.0.1:8888, accept=*/*, brief=t, authorization=Basic ZmVubmVsOmZlbm5lbA==, accept-language=en-us, accept-encoding=gzip, deflate, content-type=text/xml, content-length=170, depth=0, connection=keep-alive, user-agent=Mac+OS+X/10.11.5 (15F34) CalendarAgent/361.2, prefer=return=minimal, method=PROPFIND, httpVersion=1.1, originalUrl=/principals/, , body=<?xml version="1.0" encoding="UTF-8"?>
<A:propfind xmlns:A="DAV:">
  <A:prop>
    <A:current-user-principal/>
    <A:principal-collection-set/>
  </A:prop>
</A:propfind>
, responseTime=1

