PUT request at /AC443052-54FF-41D4-9A02-1BD6EFD99A04.ics received
Request headers:
{'CONTENT_LENGTH': '957',
 'CONTENT_TYPE': 'text/calendar',
 'GATEWAY_INTERFACE': 'CGI/1.1',
 'HTTP_ACCEPT': '*/*',
 'HTTP_ACCEPT_ENCODING': 'gzip, deflate',
 'HTTP_ACCEPT_LANGUAGE': 'en-us',
 'HTTP_CONNECTION': 'keep-alive',
 'HTTP_HOST': '127.0.0.1:5232',
 'HTTP_IF_NONE_MATCH': '*',
 'HTTP_USER_AGENT': 'Mac+OS+X/10.11.5 (15F34) CalendarAgent/361.2',
 'PATH_INFO': '/AC443052-54FF-41D4-9A02-1BD6EFD99A04.ics',
 'QUERY_STRING': '',
 'REMOTE_ADDR': '127.0.0.1',
 'REMOTE_HOST': '1.0.0.127.in-addr.arpa',
 'REQUEST_METHOD': 'PUT',
 'SCRIPT_NAME': '',
 'SERVER_NAME': 'republic.local',
 'SERVER_PORT': '5232',
 'SERVER_PROTOCOL': 'HTTP/1.1',
 'SERVER_SOFTWARE': 'WSGIServer/0.1 Python/2.7.9',
 'wsgi.errors': <open file '<stderr>', mode 'w' at 0x10383a1e0>,
 'wsgi.file_wrapper': <class wsgiref.util.FileWrapper at 0x103e94120>,
 'wsgi.input': <socket._fileobject object at 0x103f053d0>,
 'wsgi.multiprocess': False,
 'wsgi.multithread': True,
 'wsgi.run_once': False,
 'wsgi.url_scheme': 'http',
 'wsgi.version': (1, 0)}
Sanitized path: /AC443052-54FF-41D4-9A02-1BD6EFD99A04.ics
Anonymous has read access to collection /
Anonymous has write access to collection /
Request content:
BEGIN:VCALENDAR
VERSION:2.0
PRODID:-//Apple Inc.//Mac OS X 10.11.5//EN
CALSCALE:GREGORIAN
BEGIN:VTIMEZONE
TZID:America/Montreal
BEGIN:DAYLIGHT
TZOFFSETFROM:-0500
RRULE:FREQ=YEARLY;BYMONTH=3;BYDAY=2SU
DTSTART:20070311T020000
TZNAME:GMT-4
TZOFFSETTO:-0400
END:DAYLIGHT
BEGIN:STANDARD
TZOFFSETFROM:-0400
RRULE:FREQ=YEARLY;BYMONTH=11;BYDAY=1SU
DTSTART:20071104T020000
TZNAME:GMT-5
TZOFFSETTO:-0500
END:STANDARD
END:VTIMEZONE
BEGIN:VEVENT
CREATED:20160607T034841Z
UID:AC443052-54FF-41D4-9A02-1BD6EFD99A04
DTEND;TZID=America/Montreal:20160607T100000
TRANSP:OPAQUE
X-APPLE-TRAVEL-ADVISORY-BEHAVIOR:AUTOMATIC
SUMMARY:event1
DTSTART;TZID=America/Montreal:20160607T090000
DTSTAMP:20160607T034851Z
SEQUENCE:0
BEGIN:VALARM
X-WR-ALARMUID:8E7457E0-3BD2-4661-821F-41EEA6588F29
UID:8E7457E0-3BD2-4661-821F-41EEA6588F29
TRIGGER:-PT5M
X-APPLE-DEFAULT-ALARM:TRUE
ATTACH;VALUE=URI:Basso
ACTION:AUDIO
END:VALARM
END:VEVENT
END:VCALENDAR

Answer status: 201 Created
GET request at /AC443052-54FF-41D4-9A02-1BD6EFD99A04.ics received
Request headers:
{'CONTENT_LENGTH': '0',
 'CONTENT_TYPE': 'text/plain',
 'GATEWAY_INTERFACE': 'CGI/1.1',
 'HTTP_ACCEPT': '*/*',
 'HTTP_ACCEPT_ENCODING': 'gzip, deflate',
 'HTTP_ACCEPT_LANGUAGE': 'en-us',
 'HTTP_CONNECTION': 'keep-alive',
 'HTTP_HOST': '127.0.0.1:5232',
 'HTTP_USER_AGENT': 'Mac+OS+X/10.11.5 (15F34) CalendarAgent/361.2',
 'PATH_INFO': '/AC443052-54FF-41D4-9A02-1BD6EFD99A04.ics',
 'QUERY_STRING': '',
 'REMOTE_ADDR': '127.0.0.1',
 'REMOTE_HOST': '1.0.0.127.in-addr.arpa',
 'REQUEST_METHOD': 'GET',
 'SCRIPT_NAME': '',
 'SERVER_NAME': 'republic.local',
 'SERVER_PORT': '5232',
 'SERVER_PROTOCOL': 'HTTP/1.1',
 'SERVER_SOFTWARE': 'WSGIServer/0.1 Python/2.7.9',
 'wsgi.errors': <open file '<stderr>', mode 'w' at 0x10383a1e0>,
 'wsgi.file_wrapper': <class wsgiref.util.FileWrapper at 0x103e94120>,
 'wsgi.input': <socket._fileobject object at 0x103f053d0>,
 'wsgi.multiprocess': False,
 'wsgi.multithread': True,
 'wsgi.run_once': False,
 'wsgi.url_scheme': 'http',
 'wsgi.version': (1, 0)}
Sanitized path: /AC443052-54FF-41D4-9A02-1BD6EFD99A04.ics
Anonymous has read access to collection /
Anonymous has write access to collection /
Response content:
BEGIN:VCALENDAR
VERSION:2.0
PRODID:-//Apple Inc.//Mac OS X 10.11.5//EN
CALSCALE:GREGORIAN
BEGIN:VTIMEZONE
TZID:America/Montreal
BEGIN:DAYLIGHT
TZOFFSETFROM:-0500
RRULE:FREQ=YEARLY;BYMONTH=3;BYDAY=2SU
DTSTART:20070311T020000
TZNAME:GMT-4
TZOFFSETTO:-0400
END:DAYLIGHT
BEGIN:STANDARD
TZOFFSETFROM:-0400
RRULE:FREQ=YEARLY;BYMONTH=11;BYDAY=1SU
DTSTART:20071104T020000
TZNAME:GMT-5
TZOFFSETTO:-0500
END:STANDARD
END:VTIMEZONE
BEGIN:VEVENT
CREATED:20160607T034841Z
UID:AC443052-54FF-41D4-9A02-1BD6EFD99A04
DTEND;TZID=America/Montreal:20160607T100000
TRANSP:OPAQUE
X-APPLE-TRAVEL-ADVISORY-BEHAVIOR:AUTOMATIC
SUMMARY:event1
DTSTART;TZID=America/Montreal:20160607T090000
DTSTAMP:20160607T034851Z
SEQUENCE:0
BEGIN:VALARM
X-WR-ALARMUID:8E7457E0-3BD2-4661-821F-41EEA6588F29
UID:8E7457E0-3BD2-4661-821F-41EEA6588F29
TRIGGER:-PT5M
X-APPLE-DEFAULT-ALARM:TRUE
ATTACH;VALUE=URI:Basso
ACTION:AUDIO
END:VALARM
END:VEVENT
END:VCALENDAR

Answer status: 200 OK

